\BOOKMARK [0][-]{chapter.1}{\376\377\000I\000n\000t\000r\000o\000d\000u\000c\000t\000i\000o\000n\000\040}{}% 1
\BOOKMARK [1][-]{section.1.1}{\376\377\000M\000o\000t\000i\000v\000a\000t\000i\000o\000n\000:\000\040\000c\000o\000m\000p\000u\000t\000e\000r\000\040\000e\000x\000p\000e\000r\000i\000m\000e\000n\000t\000s}{chapter.1}% 2
\BOOKMARK [2][-]{subsection.1.1.1}{\376\377\000T\000h\000e\000\040\000r\000o\000l\000e\000\040\000o\000f\000\040\000s\000t\000a\000t\000i\000s\000t\000i\000c\000a\000l\000\040\000t\000h\000i\000n\000k\000i\000n\000g\000\040\000i\000n\000\040\000c\000o\000m\000p\000u\000t\000e\000r\000\040\000e\000x\000p\000e\000r\000i\000m\000e\000n\000t\000s}{section.1.1}% 3
\BOOKMARK [1][-]{section.1.2}{\376\377\000C\000o\000n\000t\000r\000i\000b\000u\000t\000i\000o\000n\000s}{chapter.1}% 4
\BOOKMARK [2][-]{subsection.1.2.1}{\376\377\000S\000t\000o\000c\000h\000a\000s\000t\000i\000c\000\040\000m\000u\000l\000t\000i\000l\000e\000v\000e\000l\000\040\000e\000m\000u\000l\000a\000t\000i\000o\000n}{section.1.2}% 5
\BOOKMARK [2][-]{subsection.1.2.2}{\376\377\000A\000\040\000d\000e\000c\000i\000s\000i\000o\000n\000\040\000s\000u\000p\000p\000o\000r\000t\000\040\000f\000r\000a\000m\000e\000w\000o\000r\000k\000\040\000f\000o\000r\000\040\000o\000f\000f\000s\000h\000o\000r\000e\000\040\000w\000i\000n\000d}{section.1.2}% 6
\BOOKMARK [1][-]{section.1.3}{\376\377\000T\000h\000e\000s\000i\000s\000\040\000o\000u\000t\000l\000i\000n\000e}{chapter.1}% 7
\BOOKMARK [0][-]{chapter.2}{\376\377\000B\000a\000c\000k\000g\000r\000o\000u\000n\000d\000\040}{}% 8
\BOOKMARK [1][-]{section.2.1}{\376\377\000T\000h\000e\000\040\000A\000t\000h\000e\000n\000a\000\040\000s\000i\000m\000u\000l\000a\000t\000o\000r\000:\000\040\000a\000\040\000s\000t\000o\000c\000h\000a\000s\000t\000i\000c\000\040\000m\000o\000d\000e\000l\000\040\000o\000f\000\040\000a\000n\000\040\000o\000f\000f\000s\000h\000o\000r\000e\000\040\000w\000i\000n\000d\000\040\000f\000a\000r\000m}{chapter.2}% 9
\BOOKMARK [2][-]{subsection.2.1.1}{\376\377\000A\000\040\000v\000a\000r\000i\000a\000n\000t\000\040\000f\000o\000r\000\040\000s\000p\000a\000r\000e\000\040\000c\000o\000m\000p\000o\000n\000e\000n\000t\000s\000\040}{section.2.1}% 10
\BOOKMARK [1][-]{section.2.2}{\376\377\000E\000l\000i\000c\000i\000t\000a\000t\000i\000o\000n\000\040\000o\000f\000\040\000p\000r\000o\000b\000a\000b\000i\000l\000i\000t\000y\000\040\000d\000i\000s\000t\000r\000i\000b\000u\000t\000i\000o\000n\000s\000\040}{chapter.2}% 11
\BOOKMARK [2][-]{subsection.2.2.1}{\376\377\000T\000h\000e\000\040\000b\000a\000s\000i\000c\000s\000\040\000o\000f\000\040\000e\000l\000i\000c\000i\000t\000a\000t\000i\000o\000n}{section.2.2}% 12
\BOOKMARK [2][-]{subsection.2.2.2}{\376\377\000T\000h\000e\000\040\000S\000h\000e\000f\000f\000i\000e\000l\000d\000\040\000E\000l\000i\000c\000i\000t\000a\000t\000i\000o\000n\000\040\000F\000r\000a\000m\000e\000w\000o\000r\000k}{section.2.2}% 13
\BOOKMARK [2][-]{subsection.2.2.3}{\376\377\000E\000l\000i\000c\000i\000t\000a\000t\000i\000o\000n\000\040\000o\000f\000\040\000m\000a\000n\000y\000\040\000u\000n\000c\000e\000r\000t\000a\000i\000n\000\040\000q\000u\000a\000n\000t\000i\000t\000i\000e\000s}{section.2.2}% 14
\BOOKMARK [1][-]{section.2.3}{\376\377\000D\000e\000c\000i\000s\000i\000o\000n\000\040\000a\000n\000a\000l\000y\000s\000i\000s\000\040}{chapter.2}% 15
\BOOKMARK [2][-]{subsection.2.3.1}{\376\377\000F\000u\000n\000d\000a\000m\000e\000n\000t\000a\000l\000\040\000n\000o\000t\000i\000o\000n\000s\000\040\000o\000f\000\040\000u\000t\000i\000l\000i\000t\000y}{section.2.3}% 16
\BOOKMARK [1][-]{section.2.4}{\376\377\000A\000\040\000b\000a\000s\000i\000c\000\040\000s\000i\000n\000g\000l\000e\000\040\000a\000t\000t\000r\000i\000b\000u\000t\000e\000\040\000u\000t\000i\000l\000i\000t\000y\000\040\000e\000l\000i\000c\000i\000t\000a\000t\000i\000o\000n}{chapter.2}% 17
\BOOKMARK [2][-]{subsection.2.4.1}{\376\377\000M\000u\000l\000t\000i\000-\000a\000t\000t\000r\000i\000b\000u\000t\000e\000\040\000u\000t\000i\000l\000i\000t\000y\000\040\000e\000l\000i\000c\000i\000t\000a\000t\000i\000o\000n}{section.2.4}% 18
\BOOKMARK [2][-]{subsection.2.4.2}{\376\377\000C\000h\000o\000o\000s\000i\000n\000g\000\040\000f\000u\000n\000c\000t\000i\000o\000n\000a\000l\000\040\000f\000o\000r\000m\000s\000\040\000f\000o\000r\000\040\000t\000h\000e\000\040\000u\000i}{section.2.4}% 19
\BOOKMARK [1][-]{section.2.5}{\376\377\000D\000i\000s\000c\000u\000s\000s\000i\000o\000n}{chapter.2}% 20
\BOOKMARK [0][-]{chapter.3}{\376\377\000E\000m\000u\000l\000a\000t\000o\000r\000s\000\040}{}% 21
\BOOKMARK [1][-]{section.3.1}{\376\377\000G\000a\000u\000s\000s\000i\000a\000n\000\040\000p\000r\000o\000c\000e\000s\000s\000\040\000p\000r\000i\000o\000r\000s}{chapter.3}% 22
\BOOKMARK [2][-]{subsection.3.1.1}{\376\377\000C\000o\000v\000a\000r\000i\000a\000n\000c\000e\000\040\000f\000u\000n\000c\000t\000i\000o\000n\000s}{section.3.1}% 23
\BOOKMARK [2][-]{subsection.3.1.2}{\376\377\000C\000o\000m\000b\000i\000n\000i\000n\000g\000\040\000c\000o\000v\000a\000r\000i\000a\000n\000c\000e\000\040\000f\000u\000n\000c\000t\000i\000o\000n\000s}{section.3.1}% 24
\BOOKMARK [2][-]{subsection.3.1.3}{\376\377\000M\000e\000a\000n\000\040\000f\000u\000n\000c\000t\000i\000o\000n\000s}{section.3.1}% 25
\BOOKMARK [1][-]{section.3.2}{\376\377\000A\000\040\000g\000e\000n\000e\000r\000a\000l\000\040\000G\000a\000u\000s\000s\000i\000a\000n\000\040\000p\000r\000o\000c\000e\000s\000s\000\040\000p\000o\000s\000t\000e\000r\000i\000o\000r}{chapter.3}% 26
\BOOKMARK [2][-]{subsection.3.2.1}{\376\377\000P\000a\000r\000a\000m\000e\000t\000e\000r\000\040\000i\000n\000f\000e\000r\000e\000n\000c\000e}{section.3.2}% 27
\BOOKMARK [2][-]{subsection.3.2.2}{\376\377\000P\000o\000s\000t\000e\000r\000i\000o\000r\000\040\000p\000r\000e\000d\000i\000c\000t\000i\000v\000e\000\040\000d\000i\000s\000t\000r\000i\000b\000u\000t\000i\000o\000n}{section.3.2}% 28
\BOOKMARK [2][-]{subsection.3.2.3}{\376\377\000S\000p\000e\000c\000i\000f\000i\000c\000\040\000e\000x\000a\000m\000p\000l\000e\000s}{section.3.2}% 29
\BOOKMARK [2][-]{subsection.3.2.4}{\376\377\000S\000t\000o\000c\000h\000a\000s\000t\000i\000c\000\040\000c\000o\000m\000p\000u\000t\000e\000r\000\040\000s\000i\000m\000u\000l\000a\000t\000o\000r\000s}{section.3.2}% 30
\BOOKMARK [1][-]{section.3.3}{\376\377\000D\000e\000s\000i\000g\000n\000\040\000o\000f\000\040\000c\000o\000m\000p\000u\000t\000e\000r\000\040\000e\000x\000p\000e\000r\000i\000m\000e\000n\000t\000s}{chapter.3}% 31
\BOOKMARK [2][-]{subsection.3.3.1}{\376\377\000O\000n\000e\000-\000s\000h\000o\000t\000\040\000d\000e\000s\000i\000g\000n\000s}{section.3.3}% 32
\BOOKMARK [2][-]{subsection.3.3.2}{\376\377\000S\000e\000q\000u\000e\000n\000t\000i\000a\000l\000\040\000d\000e\000s\000i\000g\000n\000s}{section.3.3}% 33
\BOOKMARK [1][-]{section.3.4}{\376\377\000M\000o\000d\000e\000l\000\040\000f\000i\000d\000e\000l\000i\000t\000y}{chapter.3}% 34
\BOOKMARK [2][-]{subsection.3.4.1}{\376\377\000A\000u\000t\000o\000r\000e\000g\000r\000e\000s\000s\000i\000v\000e\000\040\000m\000o\000d\000e\000l\000s}{section.3.4}% 35
\BOOKMARK [1][-]{section.3.5}{\376\377\000E\000m\000u\000l\000a\000t\000o\000r\000\040\000c\000o\000m\000p\000a\000r\000i\000s\000o\000n}{chapter.3}% 36
\BOOKMARK [1][-]{section.3.6}{\376\377\000E\000m\000u\000l\000a\000t\000o\000r\000\040\000d\000i\000a\000g\000n\000o\000s\000t\000i\000c\000s}{chapter.3}% 37
\BOOKMARK [2][-]{subsection.3.6.1}{\376\377\000T\000h\000e\000\040\000d\000i\000a\000g\000n\000o\000s\000t\000i\000c\000s}{section.3.6}% 38
\BOOKMARK [2][-]{subsection.3.6.2}{\376\377\000E\000x\000a\000m\000p\000l\000e}{section.3.6}% 39
\BOOKMARK [1][-]{section.3.7}{\376\377\000O\000t\000h\000e\000r\000\040\000s\000u\000r\000r\000o\000g\000a\000t\000e\000\040\000m\000o\000d\000e\000l\000s}{chapter.3}% 40
\BOOKMARK [2][-]{subsection.3.7.1}{\376\377\000L\000i\000n\000e\000a\000r\000\040\000m\000o\000d\000e\000l\000s}{section.3.7}% 41
\BOOKMARK [2][-]{subsection.3.7.2}{\376\377\000B\000a\000y\000e\000s\000\040\000l\000i\000n\000e\000a\000r\000\040\000e\000m\000u\000l\000a\000t\000o\000r\000s}{section.3.7}% 42
\BOOKMARK [1][-]{section.3.8}{\376\377\000S\000u\000m\000m\000a\000r\000y}{chapter.3}% 43
\BOOKMARK [0][-]{chapter.4}{\376\377\000H\000e\000t\000e\000r\000o\000s\000c\000e\000d\000a\000s\000t\000i\000c\000\040\000\046\000\040\000M\000u\000l\000t\000i\000l\000e\000v\000e\000l\000\040\000G\000P\000\040\000E\000m\000u\000l\000a\000t\000o\000r\000s\000\040\000F\000o\000r\000\040\000S\000t\000o\000c\000h\000a\000s\000t\000i\000c\000\040\000S\000i\000m\000u\000l\000a\000t\000o\000r\000s}{}% 44
\BOOKMARK [1][-]{section.4.1}{\376\377\000I\000n\000t\000r\000o\000d\000u\000c\000t\000i\000o\000n}{chapter.4}% 45
\BOOKMARK [1][-]{section.4.2}{\376\377\000S\000e\000p\000a\000r\000a\000t\000e\000\040\000m\000e\000a\000n\000\040\000a\000n\000d\000\040\000v\000a\000r\000i\000a\000n\000c\000e\000\040\000e\000m\000u\000l\000a\000t\000i\000o\000n}{chapter.4}% 46
\BOOKMARK [2][-]{subsection.4.2.1}{\376\377\000N\000o\000n\000-\000G\000a\000u\000s\000s\000i\000a\000n\000\040\000n\000o\000i\000s\000e}{section.4.2}% 47
\BOOKMARK [1][-]{section.4.3}{\376\377\000H\000e\000t\000e\000r\000o\000s\000c\000e\000d\000a\000s\000t\000i\000c\000\040\000G\000a\000u\000s\000s\000i\000a\000n\000\040\000p\000r\000o\000c\000e\000s\000s\000e\000s}{chapter.4}% 48
\BOOKMARK [2][-]{subsection.4.3.1}{\376\377\000T\000h\000e\000\040\000H\000e\000t\000G\000P\000\040\000e\000m\000u\000l\000a\000t\000o\000r}{section.4.3}% 49
\BOOKMARK [2][-]{subsection.4.3.2}{\376\377\000A\000\040\000B\000a\000y\000e\000s\000i\000a\000n\000\040\000H\000e\000t\000G\000P}{section.4.3}% 50
\BOOKMARK [2][-]{subsection.4.3.3}{\376\377\000R\000e\000t\000u\000r\000n\000i\000n\000g\000\040\000t\000o\000\040\000t\000h\000e\000\040\000m\000o\000t\000o\000r\000c\000y\000c\000l\000e\000\040\000e\000x\000a\000m\000p\000l\000e}{section.4.3}% 51
\BOOKMARK [2][-]{subsection.4.3.4}{\376\377\000S\000h\000o\000r\000t\000c\000o\000m\000i\000n\000g\000s\000\040\000o\000f\000\040\000H\000e\000t\000G\000P\000\040}{section.4.3}% 52
\BOOKMARK [1][-]{section.4.4}{\376\377\000S\000t\000o\000c\000h\000a\000s\000t\000i\000c\000\040\000m\000u\000l\000t\000i\000l\000e\000v\000e\000l\000\040\000e\000m\000u\000l\000a\000t\000i\000o\000n}{chapter.4}% 53
\BOOKMARK [2][-]{subsection.4.4.1}{\376\377\000M\000o\000t\000i\000v\000a\000t\000i\000o\000n\000\040\000a\000n\000d\000\040\000i\000n\000t\000u\000i\000t\000i\000o\000n}{section.4.4}% 54
\BOOKMARK [2][-]{subsection.4.4.2}{\376\377\000P\000r\000o\000p\000o\000s\000e\000d\000\040\000e\000m\000u\000l\000a\000t\000i\000o\000n\000\040\000s\000t\000r\000a\000t\000e\000g\000y}{section.4.4}% 55
\BOOKMARK [1][-]{section.4.5}{\376\377\000B\000a\000y\000e\000s\000i\000a\000n\000\040\000a\000p\000p\000r\000o\000a\000c\000h\000\040\000t\000o\000\040\000S\000M\000L}{chapter.4}% 56
\BOOKMARK [2][-]{subsection.4.5.1}{\376\377\000P\000r\000i\000o\000r\000\040\000s\000p\000e\000c\000i\000f\000i\000c\000a\000t\000i\000o\000n}{section.4.5}% 57
\BOOKMARK [2][-]{subsection.4.5.2}{\376\377\000D\000e\000s\000i\000g\000n\000\040}{section.4.5}% 58
\BOOKMARK [2][-]{subsection.4.5.3}{\376\377\000P\000o\000s\000t\000e\000r\000i\000o\000r\000\040\000p\000r\000e\000d\000i\000c\000t\000i\000v\000e\000\040\000d\000i\000s\000t\000r\000i\000b\000u\000t\000i\000o\000n\000\040\000o\000f\000\040\000c\000o\000d\000e\000\040\000o\000u\000t\000p\000u\000t\000\040}{section.4.5}% 59
\BOOKMARK [1][-]{section.4.6}{\376\377\000F\000i\000t\000t\000i\000n\000g\000\040\000H\000e\000t\000G\000P\000\040\000a\000n\000d\000\040\000S\000M\000L\000\040\000e\000m\000u\000l\000a\000t\000o\000r\000s\000\040\000t\000o\000\040\000A\000t\000h\000e\000n\000a\000\040}{chapter.4}% 60
\BOOKMARK [2][-]{subsection.4.6.1}{\376\377\000E\000m\000u\000l\000a\000t\000o\000r\000\040\000c\000o\000n\000s\000t\000r\000u\000c\000t\000i\000o\000n}{section.4.6}% 61
\BOOKMARK [2][-]{subsection.4.6.2}{\376\377\000E\000m\000u\000l\000a\000t\000o\000r\000\040\000p\000e\000r\000f\000o\000r\000m\000a\000n\000c\000e\000\040\000c\000o\000m\000p\000a\000r\000i\000s\000o\000n}{section.4.6}% 62
\BOOKMARK [2][-]{subsection.4.6.3}{\376\377\000E\000m\000u\000l\000a\000t\000o\000r\000\040\000v\000a\000l\000i\000d\000a\000t\000i\000o\000n}{section.4.6}% 63
\BOOKMARK [1][-]{section.4.7}{\376\377\000M\000A\000P\000\040\000a\000p\000p\000r\000o\000a\000c\000h}{chapter.4}% 64
\BOOKMARK [2][-]{subsection.4.7.1}{\376\377\000M\000A\000P\000-\000H\000e\000t\000G\000P\000\040\000p\000r\000e\000d\000i\000c\000t\000i\000o\000n}{section.4.7}% 65
\BOOKMARK [2][-]{subsection.4.7.2}{\376\377\000M\000A\000P\000-\000S\000M\000L\000\040\000p\000r\000e\000d\000i\000c\000t\000i\000o\000n}{section.4.7}% 66
\BOOKMARK [2][-]{subsection.4.7.3}{\376\377\000P\000e\000r\000f\000o\000r\000m\000a\000n\000c\000e\000\040\000o\000f\000\040\000M\000A\000P\000\040\000e\000s\000t\000i\000m\000a\000t\000i\000o\000n}{section.4.7}% 67
\BOOKMARK [1][-]{section.4.8}{\376\377\000S\000u\000m\000m\000a\000r\000y}{chapter.4}% 68
\BOOKMARK [0][-]{chapter.5}{\376\377\000G\000l\000o\000b\000a\000l\000\040\000S\000e\000n\000s\000i\000t\000i\000v\000i\000t\000y\000\040\000A\000n\000a\000l\000y\000s\000i\000s\000\040\000f\000o\000r\000\040\000S\000t\000o\000c\000h\000a\000s\000t\000i\000c\000\040\000S\000i\000m\000u\000l\000a\000t\000o\000r\000s}{}% 69
\BOOKMARK [1][-]{section.5.1}{\376\377\000I\000n\000t\000r\000o\000d\000u\000c\000t\000i\000o\000n}{chapter.5}% 70
\BOOKMARK [1][-]{section.5.2}{\376\377\000A\000p\000p\000r\000o\000a\000c\000h\000e\000s\000\040\000t\000o\000\040\000u\000n\000d\000e\000r\000s\000t\000a\000n\000d\000i\000n\000g\000\040\000i\000n\000p\000u\000t\000\040\000u\000n\000c\000e\000r\000t\000a\000i\000n\000t\000y}{chapter.5}% 71
\BOOKMARK [2][-]{subsection.5.2.1}{\376\377\000S\000c\000e\000n\000a\000r\000i\000o\000\040\000a\000n\000a\000l\000y\000s\000i\000s}{section.5.2}% 72
\BOOKMARK [2][-]{subsection.5.2.2}{\376\377\000O\000A\000T\000\040\000a\000n\000a\000l\000y\000s\000i\000s}{section.5.2}% 73
\BOOKMARK [1][-]{section.5.3}{\376\377\000P\000r\000o\000b\000a\000b\000i\000l\000i\000s\000t\000i\000c\000\040\000s\000e\000n\000s\000i\000t\000i\000v\000i\000t\000y\000\040\000a\000n\000a\000l\000y\000s\000i\000s\000\040\000f\000o\000r\000\040\000d\000e\000t\000e\000r\000m\000i\000n\000i\000s\000t\000i\000c\000\040\000s\000i\000m\000u\000l\000a\000t\000o\000r\000s}{chapter.5}% 74
\BOOKMARK [2][-]{subsection.5.3.1}{\376\377\000S\000o\000m\000e\000\040\000n\000o\000t\000a\000t\000i\000o\000n}{section.5.3}% 75
\BOOKMARK [2][-]{subsection.5.3.2}{\376\377\000P\000r\000o\000b\000a\000b\000i\000l\000i\000s\000t\000i\000c\000\040\000s\000e\000n\000s\000i\000t\000i\000v\000i\000t\000y\000\040\000a\000n\000a\000l\000y\000s\000i\000s}{section.5.3}% 76
\BOOKMARK [2][-]{subsection.5.3.3}{\376\377\000T\000h\000e\000\040\000f\000u\000n\000c\000t\000i\000o\000n\000a\000l\000\040\000A\000N\000O\000V\000A\000\040\000d\000e\000c\000o\000m\000p\000o\000s\000i\000t\000i\000o\000n}{section.5.3}% 77
\BOOKMARK [2][-]{subsection.5.3.4}{\376\377\000S\000e\000n\000s\000i\000t\000i\000v\000i\000t\000y\000\040\000i\000n\000d\000i\000c\000e\000s}{section.5.3}% 78
\BOOKMARK [2][-]{subsection.5.3.5}{\376\377\000L\000i\000n\000k\000i\000n\000g\000\040\000P\000S\000A\000\040\000t\000o\000\040\000E\000V\000P\000I\000:\000\040\000d\000e\000c\000i\000s\000i\000o\000n\000\040\000t\000h\000e\000o\000r\000e\000t\000i\000c\000\040\000j\000u\000s\000t\000i\000f\000i\000c\000a\000t\000i\000o\000n\000\040\000f\000o\000r\000\040\000S\000i}{section.5.3}% 79
\BOOKMARK [2][-]{subsection.5.3.6}{\376\377\000C\000o\000m\000p\000u\000t\000a\000t\000i\000o\000n\000\040\000o\000f\000\040\000s\000e\000n\000s\000i\000t\000i\000v\000i\000t\000y\000\040\000i\000n\000d\000i\000c\000e\000s}{section.5.3}% 80
\BOOKMARK [1][-]{section.5.4}{\376\377\000E\000x\000t\000e\000n\000d\000i\000n\000g\000\040\000P\000S\000A\000\040\000t\000o\000\040\000t\000h\000e\000\040\000s\000t\000o\000c\000h\000a\000s\000t\000i\000c\000\040\000c\000a\000s\000e}{chapter.5}% 81
\BOOKMARK [2][-]{subsection.5.4.1}{\376\377\000D\000e\000t\000e\000r\000m\000i\000n\000i\000n\000g\000\040\000i\000n\000p\000u\000t\000\040\000i\000m\000p\000o\000r\000t\000a\000n\000c\000e\000\040\000f\000o\000r\000\040\000y\000\050\000x\000\051}{section.5.4}% 82
\BOOKMARK [2][-]{subsection.5.4.2}{\376\377\000D\000e\000t\000e\000r\000m\000i\000n\000i\000n\000g\000\040\000i\000n\000p\000u\000t\000\040\000i\000m\000p\000o\000r\000t\000a\000n\000c\000e\000\040\000f\000o\000r\000\040\000l\000o\000g\0002\000\050\000x\000\051}{section.5.4}% 83
\BOOKMARK [2][-]{subsection.5.4.3}{\376\377\000C\000o\000m\000p\000u\000t\000a\000t\000i\000o\000n\000\040\000o\000f\000\040\000s\000e\000n\000s\000i\000t\000i\000v\000i\000t\000y\000\040\000i\000n\000d\000i\000c\000e\000s}{section.5.4}% 84
\BOOKMARK [1][-]{section.5.5}{\376\377\000A\000p\000p\000l\000i\000c\000a\000t\000i\000o\000n\000\040\000o\000f\000\040\000P\000S\000A\000\040\000t\000o\000\040\000t\000h\000e\000\040\000A\000t\000h\000e\000n\000a\000\040\000s\000i\000m\000u\000l\000a\000t\000o\000r}{chapter.5}% 85
\BOOKMARK [1][-]{section.5.6}{\376\377\000C\000o\000n\000c\000l\000u\000s\000i\000o\000n\000s}{chapter.5}% 86
\BOOKMARK [0][-]{chapter.6}{\376\377\000D\000e\000c\000i\000s\000i\000o\000n\000\040\000M\000a\000k\000i\000n\000g\000\040\000w\000i\000t\000h\000\040\000C\000o\000m\000p\000l\000e\000x\000\040\000M\000o\000d\000e\000l\000s\000\040}{}% 87
\BOOKMARK [1][-]{section.6.1}{\376\377\000D\000i\000s\000c\000r\000e\000t\000e\000\040\000p\000r\000o\000b\000l\000e\000m\000s}{chapter.6}% 88
\BOOKMARK [2][-]{subsection.6.1.1}{\376\377\000S\000m\000a\000l\000l\000,\000\040\000d\000i\000s\000c\000r\000e\000t\000e\000\040\000p\000r\000o\000b\000l\000e\000m\000s}{section.6.1}% 89
\BOOKMARK [2][-]{subsection.6.1.2}{\376\377\000S\000t\000r\000u\000c\000t\000u\000r\000e\000d\000,\000\040\000d\000i\000s\000c\000r\000e\000t\000e\000\040\000p\000r\000o\000b\000l\000e\000m\000s}{section.6.1}% 90
\BOOKMARK [2][-]{subsection.6.1.3}{\376\377\000C\000o\000n\000t\000i\000n\000u\000o\000u\000s\000\040\000p\000r\000o\000b\000l\000e\000m\000s}{section.6.1}% 91
\BOOKMARK [1][-]{section.6.2}{\376\377\000B\000a\000y\000e\000s\000i\000a\000n\000\040\000o\000p\000t\000i\000m\000i\000s\000a\000t\000i\000o\000n}{chapter.6}% 92
\BOOKMARK [2][-]{subsection.6.2.1}{\376\377\000A\000c\000q\000u\000i\000s\000i\000t\000i\000o\000n\000\040\000f\000u\000n\000c\000t\000i\000o\000n\000s}{section.6.2}% 93
\BOOKMARK [2][-]{subsection.6.2.2}{\376\377\000O\000n\000l\000i\000n\000e\000\040\000G\000P\000\040\000u\000p\000d\000a\000t\000e\000s\000\040\000f\000o\000r\000\040\000e\000f\000f\000i\000c\000i\000e\000n\000t\000\040\000B\000a\000y\000e\000s\000O\000p\000t}{section.6.2}% 94
\BOOKMARK [1][-]{section.6.3}{\376\377\000D\000e\000c\000i\000s\000i\000o\000n\000\040\000m\000a\000k\000i\000n\000g\000\040\000o\000r\000\040\000d\000e\000c\000i\000s\000i\000o\000n\000\040\000s\000u\000p\000p\000o\000r\000t\000?}{chapter.6}% 95
\BOOKMARK [2][-]{subsection.6.3.1}{\376\377\000T\000h\000e\000\040\000P\000a\000r\000e\000t\000o\000\040\000f\000r\000o\000n\000t}{section.6.3}% 96
\BOOKMARK [1][-]{section.6.4}{\376\377\000H\000i\000s\000t\000o\000r\000y\000\040\000m\000a\000t\000c\000h\000i\000n\000g}{chapter.6}% 97
\BOOKMARK [2][-]{subsection.6.4.1}{\376\377\000H\000o\000w\000\040\000c\000a\000n\000\040\000h\000i\000s\000t\000o\000r\000y\000\040\000m\000a\000t\000c\000h\000i\000n\000g\000\040\000h\000e\000l\000p\000?}{section.6.4}% 98
\BOOKMARK [2][-]{subsection.6.4.2}{\376\377\000D\000r\000a\000w\000b\000a\000c\000k\000s\000\040\000o\000f\000\040\000H\000M}{section.6.4}% 99
\BOOKMARK [2][-]{subsection.6.4.3}{\376\377\000H\000M\000\040\000f\000o\000r\000\040\000d\000e\000c\000i\000s\000i\000o\000n\000\040\000s\000u\000p\000p\000o\000r\000t}{section.6.4}% 100
\BOOKMARK [2][-]{subsection.6.4.4}{\376\377\000W\000a\000v\000e\000\040\000k\000>\0001\000\040\000d\000e\000s\000i\000g\000n\000s}{section.6.4}% 101
\BOOKMARK [2][-]{subsection.6.4.5}{\376\377\000S\000l\000i\000c\000e\000\040\000s\000a\000m\000p\000l\000i\000n\000g\000\040\000f\000o\000r\000\040\000N\000R\000O\000Y\000\040\000r\000e\000g\000i\000o\000n\000s}{section.6.4}% 102
\BOOKMARK [1][-]{section.6.5}{\376\377\000D\000i\000s\000c\000u\000s\000s\000i\000o\000n}{chapter.6}% 103
\BOOKMARK [0][-]{chapter.7}{\376\377\000A\000\040\000D\000e\000c\000i\000s\000i\000o\000n\000\040\000S\000u\000p\000p\000o\000r\000t\000\040\000F\000r\000a\000m\000e\000w\000o\000r\000k\000\040\000f\000o\000r\000\040\000O\000f\000f\000s\000h\000o\000r\000e\000\040\000W\000i\000n\000d\000\040}{}% 104
\BOOKMARK [1][-]{section.7.1}{\376\377\000T\000h\000e\000\040\000d\000e\000c\000i\000s\000i\000o\000n\000\040\000p\000r\000o\000b\000l\000e\000m}{chapter.7}% 105
\BOOKMARK [1][-]{section.7.2}{\376\377\000M\000a\000t\000h\000e\000m\000a\000t\000i\000c\000a\000l\000\040\000f\000o\000r\000m\000u\000l\000a\000t\000i\000o\000n\000\040\000o\000f\000\040\000t\000h\000e\000\040\000d\000e\000c\000i\000s\000i\000o\000n\000\040\000p\000r\000o\000b\000l\000e\000m}{chapter.7}% 106
\BOOKMARK [1][-]{section.7.3}{\376\377\000T\000h\000e\000\040\000m\000a\000r\000g\000i\000n\000a\000l\000\040\000u\000t\000i\000l\000i\000t\000y\000\040\000f\000u\000n\000c\000t\000i\000o\000n\000s}{chapter.7}% 107
\BOOKMARK [1][-]{section.7.4}{\376\377\000D\000e\000c\000i\000s\000i\000o\000n\000\040\000s\000u\000p\000p\000o\000r\000t\000\040\000s\000t\000r\000a\000t\000e\000g\000y}{chapter.7}% 108
\BOOKMARK [1][-]{section.7.5}{\376\377\000W\000a\000v\000e\000\040\0001\000:\000\040\000B\000a\000y\000e\000s\000i\000a\000n\000\040\000o\000p\000t\000i\000m\000i\000s\000a\000t\000i\000o\000n}{chapter.7}% 109
\BOOKMARK [2][-]{subsection.7.5.1}{\376\377\000V\000o\000l\000u\000m\000e\000\040\000o\000f\000\040\000t\000h\000e\000\040\000i\000n\000i\000t\000i\000a\000l\000\040\000d\000e\000c\000i\000s\000i\000o\000n\000\040\000s\000p\000a\000c\000e}{section.7.5}% 110
\BOOKMARK [2][-]{subsection.7.5.2}{\376\377\000B\000a\000y\000e\000s\000O\000p\000t\000\040\000i\000m\000p\000l\000e\000m\000e\000n\000t\000a\000t\000i\000o\000n\000\040\000d\000e\000t\000a\000i\000l\000s}{section.7.5}% 111
\BOOKMARK [2][-]{subsection.7.5.3}{\376\377\000W\000a\000v\000e\000\040\0001\000\040\000r\000e\000s\000u\000l\000t\000s\000\040\000\046\000\040\000a\000n\000a\000l\000y\000s\000i\000s}{section.7.5}% 112
\BOOKMARK [2][-]{subsection.7.5.4}{\376\377\000R\000u\000l\000i\000n\000g\000\040\000o\000u\000t\000\040\000d\000e\000c\000i\000s\000i\000o\000n\000s}{section.7.5}% 113
\BOOKMARK [2][-]{subsection.7.5.5}{\376\377\000C\000o\000n\000s\000t\000r\000u\000c\000t\000i\000n\000g\000\040\000a\000\040\000w\000a\000v\000e\000\040\0002\000\040\000d\000e\000s\000i\000g\000n}{section.7.5}% 114
\BOOKMARK [2][-]{subsection.7.5.6}{\376\377\000W\000a\000v\000e\000\040\0002\000\040\000e\000m\000u\000l\000a\000t\000o\000r\000s}{section.7.5}% 115
\BOOKMARK [2][-]{subsection.7.5.7}{\376\377\000W\000h\000a\000t\000\040\000i\000s\000\040\000t\000h\000e\000\040\000m\000a\000x\000i\000m\000i\000s\000e\000r\000?}{section.7.5}% 116
\BOOKMARK [2][-]{subsection.7.5.8}{\376\377\000S\000e\000c\000o\000n\000d\000\040\000r\000o\000u\000n\000d\000\040\000o\000f\000\040\000r\000e\000f\000o\000c\000u\000s\000s\000i\000n\000g}{section.7.5}% 117
\BOOKMARK [2][-]{subsection.7.5.9}{\376\377\000T\000e\000r\000m\000i\000n\000a\000t\000i\000o\000n\000\040\000o\000f\000\040\000i\000t\000e\000r\000a\000t\000i\000v\000e\000\040\000r\000e\000f\000o\000c\000u\000s\000s\000i\000n\000g}{section.7.5}% 118
\BOOKMARK [1][-]{section.7.6}{\376\377\000I\000n\000c\000o\000r\000p\000o\000r\000a\000t\000i\000n\000g\000\040\000t\000h\000e\000\040\000D\000M\000:\000\040\000e\000v\000a\000l\000u\000a\000t\000i\000n\000g\000\040\000t\000h\000e\000\040\000c\000o\000n\000s\000e\000q\000u\000e\000n\000c\000e\000s\000\040\000o\000f\000\040\000d\000e\000c\000i\000s\000i\000o\000n\000s}{chapter.7}% 119
\BOOKMARK [2][-]{subsection.7.6.1}{\376\377\000P\000r\000e\000s\000e\000n\000t\000i\000n\000g\000\040\000N\000R\000O\000Y\000\040\000d\000e\000c\000i\000s\000i\000o\000n\000s\000\040\000t\000o\000\040\000t\000h\000e\000\040\000D\000M}{section.7.6}% 120
\BOOKMARK [2][-]{subsection.7.6.2}{\376\377\000R\000e\000t\000r\000o\000s\000p\000e\000c\000t\000i\000v\000e\000\040\000v\000a\000l\000i\000d\000a\000t\000i\000o\000n\000\040\000o\000f\000\040\000a\000s\000s\000u\000m\000p\000t\000i\000o\000n\000s}{section.7.6}% 121
\BOOKMARK [1][-]{section.7.7}{\376\377\000D\000i\000s\000c\000u\000s\000s\000i\000o\000n}{chapter.7}% 122
\BOOKMARK [0][-]{chapter.8}{\376\377\000C\000o\000n\000c\000l\000u\000s\000i\000o\000n\000\040}{}% 123
\BOOKMARK [1][-]{section.8.1}{\376\377\000T\000h\000e\000s\000i\000s\000\040\000s\000u\000m\000m\000a\000r\000y}{chapter.8}% 124
\BOOKMARK [1][-]{section.8.2}{\376\377\000F\000u\000t\000u\000r\000e\000\040\000r\000e\000s\000e\000a\000r\000c\000h\000\040\000a\000v\000e\000n\000u\000e\000s}{chapter.8}% 125
\BOOKMARK [2][-]{subsection.8.2.1}{\376\377\000H\000e\000t\000G\000P\000,\000\040\000S\000M\000L\000\040\000a\000n\000d\000\040\000s\000e\000n\000s\000i\000t\000i\000v\000i\000t\000y\000\040\000a\000n\000a\000l\000y\000s\000i\000s}{section.8.2}% 126
\BOOKMARK [2][-]{subsection.8.2.2}{\376\377\000D\000e\000c\000i\000s\000i\000o\000n\000\040\000s\000u\000p\000p\000o\000r\000t\000:\000\040\000m\000u\000l\000t\000i\000p\000l\000e\000\040\000s\000t\000a\000k\000e\000h\000o\000l\000d\000e\000r\000s}{section.8.2}% 127
\BOOKMARK [0][-]{appendix.A}{\376\377\000A\000d\000d\000i\000t\000i\000o\000n\000a\000l\000\040\000r\000e\000s\000i\000d\000u\000a\000l\000\040\000p\000l\000o\000t\000s\000\040\000f\000o\000r\000\040\000t\000h\000e\000\040\000f\000i\000t\000t\000e\000d\000\040\000e\000m\000u\000l\000a\000t\000o\000r\000s\000\040\000i\000n\000\040\000C\000h\000:\000d\000s\000-\000f\000o\000r\000-\000o\000w\000\040}{}% 128
\BOOKMARK [1][-]{section.A.1}{\376\377\000P\000l\000o\000t\000s\000\040\000o\000f\000\040\000S\000L\000P\000E\000s\000\040\000f\000o\000r\000\040\000t\000h\000e\000\040\000w\000a\000v\000e\000\040\0001\000\040\000e\000m\000u\000l\000a\000t\000o\000r\000,\000\040\000w\000i\000t\000h\000\040\000n\000o\000\040\000m\000e\000a\000n\000\040\000f\000u\000n\000c\000t\000i\000o\000n\000\040}{appendix.A}% 129
\BOOKMARK [1][-]{section.A.2}{\376\377\000P\000l\000o\000t\000s\000\040\000o\000f\000\040\000S\000L\000P\000E\000s\000\040\000f\000o\000r\000\040\000t\000h\000e\000\040\000w\000a\000v\000e\000\040\0001\000\040\000e\000m\000u\000l\000a\000t\000o\000r\000,\000\040\000w\000i\000t\000h\000\040\000m\000e\000a\000n\000\040\000f\000u\000n\000c\000t\000i\000o\000n\000\040}{appendix.A}% 130
\BOOKMARK [1][-]{section.A.3}{\376\377\000P\000l\000o\000t\000s\000\040\000o\000f\000\040\000S\000L\000P\000E\000s\000\040\000f\000o\000r\000\040\000t\000h\000e\000\040\000w\000a\000v\000e\000\040\0002\000\040\000e\000m\000u\000l\000a\000t\000o\000r\000s\000\040}{appendix.A}% 131
\BOOKMARK [0][-]{figure.caption.83}{\376\377\000B\000i\000b\000l\000i\000o\000g\000r\000a\000p\000h\000y}{}% 132
